{
  "RSpec": {
    "coverage": {
      "/Users/Wil/Turing/mod-3/projects/ghub_mini_bro/app/helpers/application_helper.rb": [
        1,
        null
      ],
      "/Users/Wil/Turing/mod-3/projects/ghub_mini_bro/app/helpers/home_helper.rb": [
        1,
        null
      ],
      "/Users/Wil/Turing/mod-3/projects/ghub_mini_bro/app/helpers/sessions_helper.rb": [
        1,
        null
      ],
      "/Users/Wil/Turing/mod-3/projects/ghub_mini_bro/app/helpers/user/dashboard_helper.rb": [
        1,
        null
      ],
      "/Users/Wil/Turing/mod-3/projects/ghub_mini_bro/app/models/user.rb": [
        1,
        1,
        0,
        0,
        0,
        0,
        0,
        0,
        0,
        null,
        null,
        null
      ],
      "/Users/Wil/Turing/mod-3/projects/ghub_mini_bro/app/models/application_record.rb": [
        1,
        1,
        null
      ],
      "/Users/Wil/Turing/mod-3/projects/ghub_mini_bro/app/controllers/dashboard_controller.rb": [
        1,
        1,
        1,
        1,
        1,
        1,
        1,
        1,
        1,
        null,
        null,
        1,
        null,
        1,
        1,
        null,
        null
      ],
      "/Users/Wil/Turing/mod-3/projects/ghub_mini_bro/app/controllers/application_controller.rb": [
        1,
        1,
        null,
        1,
        null,
        null,
        1,
        0,
        null,
        null,
        1,
        0,
        null,
        null
      ],
      "/Users/Wil/Turing/mod-3/projects/ghub_mini_bro/app/controllers/home_controller.rb": [
        1,
        1,
        null,
        null
      ],
      "/Users/Wil/Turing/mod-3/projects/ghub_mini_bro/app/controllers/sessions_controller.rb": [
        1,
        null,
        1,
        0,
        0,
        0,
        null,
        0,
        null,
        null,
        null,
        1,
        0,
        0,
        0,
        null,
        null
      ],
      "/Users/Wil/Turing/mod-3/projects/ghub_mini_bro/app/services/git_hub_data.rb": [
        1,
        null,
        1,
        1,
        null,
        null,
        1,
        48,
        48,
        null,
        null,
        1,
        2,
        2,
        null,
        null,
        1,
        5,
        5,
        null,
        null,
        1,
        2,
        2,
        null,
        null,
        1,
        4,
        4,
        null,
        null,
        1,
        2,
        2,
        null,
        null,
        1,
        13,
        13,
        null,
        null,
        1,
        2,
        2,
        null,
        null,
        1,
        30,
        30,
        null,
        null,
        1,
        30,
        null,
        null
      ],
      "/Users/Wil/Turing/mod-3/projects/ghub_mini_bro/app/services/git_hub_user.rb": [
        1,
        1,
        null,
        null,
        1,
        10,
        10,
        null,
        null,
        1,
        1,
        null,
        null,
        1,
        29,
        null,
        null,
        1,
        405,
        null,
        null,
        1,
        116,
        null,
        null,
        1,
        1,
        28,
        28,
        null,
        null,
        null,
        1,
        1,
        null,
        null,
        1,
        33,
        null,
        null,
        1,
        1,
        null,
        null,
        1,
        2,
        null,
        null,
        1,
        1,
        10,
        10,
        null,
        null,
        null,
        1,
        1,
        null,
        null
      ],
      "/Users/Wil/Turing/mod-3/projects/ghub_mini_bro/app/services/followee.rb": [
        1,
        1,
        null,
        null,
        1,
        30,
        30,
        30,
        30,
        null,
        null,
        1,
        0,
        null,
        null,
        1,
        10,
        null,
        null
      ],
      "/Users/Wil/Turing/mod-3/projects/ghub_mini_bro/app/services/repo.rb": [
        1,
        1,
        null,
        null,
        null,
        1,
        112,
        112,
        112,
        112,
        112,
        null,
        null,
        1,
        1296,
        null,
        null
      ],
      "/Users/Wil/Turing/mod-3/projects/ghub_mini_bro/app/services/repo_data.rb": [
        1,
        null,
        1,
        1,
        112,
        112,
        112,
        null,
        null,
        1,
        84,
        84,
        null,
        null,
        1,
        null,
        1,
        84,
        84,
        null,
        null,
        1,
        84,
        null,
        null
      ],
      "/Users/Wil/Turing/mod-3/projects/ghub_mini_bro/app/services/commits.rb": [
        1,
        1,
        null,
        null,
        1,
        1212,
        1212,
        1212,
        null,
        null
      ],
      "/Users/Wil/Turing/mod-3/projects/ghub_mini_bro/app/channels/application_cable/channel.rb": [
        0,
        0,
        0,
        0
      ],
      "/Users/Wil/Turing/mod-3/projects/ghub_mini_bro/app/channels/application_cable/connection.rb": [
        0,
        0,
        0,
        0
      ],
      "/Users/Wil/Turing/mod-3/projects/ghub_mini_bro/app/controllers/profile_controller.rb": [
        0,
        0,
        0,
        0,
        0,
        0,
        0,
        0,
        0,
        0,
        0
      ],
      "/Users/Wil/Turing/mod-3/projects/ghub_mini_bro/app/controllers/user/dashboard_controller.rb": [
        0,
        0,
        0,
        null,
        0,
        0,
        0
      ],
      "/Users/Wil/Turing/mod-3/projects/ghub_mini_bro/app/jobs/application_job.rb": [
        0,
        0
      ],
      "/Users/Wil/Turing/mod-3/projects/ghub_mini_bro/app/mailers/application_mailer.rb": [
        0,
        0,
        0,
        0
      ]
    },
    "timestamp": 1503588063
  }
}
