{
  "RSpec": {
    "coverage": {
      "/Users/Wil/Turing/mod-3/projects/ghub_mini_bro/app/helpers/application_helper.rb": [
        1,
        null
      ],
      "/Users/Wil/Turing/mod-3/projects/ghub_mini_bro/app/helpers/home_helper.rb": [
        1,
        null
      ],
      "/Users/Wil/Turing/mod-3/projects/ghub_mini_bro/app/helpers/profile_helper.rb": [
        1,
        null
      ],
      "/Users/Wil/Turing/mod-3/projects/ghub_mini_bro/app/helpers/sessions_helper.rb": [
        1,
        null
      ],
      "/Users/Wil/Turing/mod-3/projects/ghub_mini_bro/app/helpers/user/dashboard_helper.rb": [
        1,
        null
      ],
      "/Users/Wil/Turing/mod-3/projects/ghub_mini_bro/app/models/user.rb": [
        1,
        null,
        1,
        0,
        0,
        0,
        0,
        0,
        0,
        0,
        null,
        null,
        null
      ],
      "/Users/Wil/Turing/mod-3/projects/ghub_mini_bro/app/models/application_record.rb": [
        1,
        1,
        null
      ],
      "/Users/Wil/Turing/mod-3/projects/ghub_mini_bro/app/controllers/dashboard_controller.rb": [
        1,
        1,
        1,
        1,
        1,
        1,
        1,
        1,
        null,
        null,
        1,
        null,
        1,
        1,
        null,
        null
      ],
      "/Users/Wil/Turing/mod-3/projects/ghub_mini_bro/app/controllers/application_controller.rb": [
        1,
        1,
        null,
        1,
        null,
        1,
        0,
        null,
        null,
        null
      ],
      "/Users/Wil/Turing/mod-3/projects/ghub_mini_bro/app/controllers/home_controller.rb": [
        1,
        1,
        null,
        null
      ],
      "/Users/Wil/Turing/mod-3/projects/ghub_mini_bro/app/controllers/profile_controller.rb": [
        1,
        1,
        1,
        1,
        1,
        1,
        1,
        1,
        1,
        null,
        null
      ],
      "/Users/Wil/Turing/mod-3/projects/ghub_mini_bro/app/controllers/sessions_controller.rb": [
        1,
        null,
        1,
        0,
        0,
        0,
        null,
        0,
        null,
        null,
        null,
        1,
        0,
        0,
        0,
        null,
        null
      ],
      "/Users/Wil/Turing/mod-3/projects/ghub_mini_bro/app/services/git_hub_user.rb": [
        1,
        1,
        null,
        null,
        1,
        2,
        2,
        null,
        null,
        1,
        1,
        null,
        null,
        1,
        8,
        null,
        null,
        1,
        0,
        0,
        0,
        null,
        null,
        null,
        1,
        1,
        null,
        null,
        1,
        6,
        null,
        null,
        1,
        1,
        null,
        null,
        1,
        1,
        null,
        null,
        1,
        1,
        1,
        1,
        null,
        null,
        null
      ],
      "/Users/Wil/Turing/mod-3/projects/ghub_mini_bro/app/services/git_hub_data.rb": [
        1,
        null,
        1,
        null,
        1,
        5,
        5,
        null,
        null,
        1,
        1,
        1,
        null,
        null,
        1,
        2,
        2,
        null,
        null,
        1,
        1,
        1,
        null,
        null,
        1,
        3,
        3,
        null,
        null,
        1,
        1,
        1,
        null,
        null,
        1,
        2,
        2,
        null,
        null,
        1,
        0,
        0,
        null,
        null,
        1,
        10,
        10,
        null,
        null,
        1,
        10,
        null,
        null
      ],
      "/Users/Wil/Turing/mod-3/projects/ghub_mini_bro/app/services/followee.rb": [
        1,
        1,
        null,
        null,
        1,
        3,
        3,
        3,
        3,
        null,
        null,
        1,
        0,
        null,
        null,
        1,
        1,
        null,
        null
      ],
      "/Users/Wil/Turing/mod-3/projects/ghub_mini_bro/app/services/repo.rb": [
        1,
        1,
        null,
        null,
        null,
        1,
        6,
        6,
        6,
        6,
        6,
        null,
        null,
        1,
        0,
        null,
        null
      ],
      "/Users/Wil/Turing/mod-3/projects/ghub_mini_bro/app/services/repo_data.rb": [
        1,
        null,
        1,
        1,
        6,
        6,
        6,
        null,
        null,
        1,
        0,
        0,
        null,
        null,
        1,
        null,
        1,
        0,
        0,
        null,
        null,
        1,
        0,
        null,
        null
      ],
      "/Users/Wil/Turing/mod-3/projects/ghub_mini_bro/app/channels/application_cable/channel.rb": [
        0,
        0,
        0,
        0
      ],
      "/Users/Wil/Turing/mod-3/projects/ghub_mini_bro/app/channels/application_cable/connection.rb": [
        0,
        0,
        0,
        0
      ],
      "/Users/Wil/Turing/mod-3/projects/ghub_mini_bro/app/jobs/application_job.rb": [
        null,
        null
      ]
    },
    "timestamp": 1503520029
  }
}
